#-----------------------------------------------------------
# Vivado v2018.2 (64-bit)
# SW Build 2258646 on Thu Jun 14 20:02:38 MDT 2018
# IP Build 2256618 on Thu Jun 14 22:10:49 MDT 2018
# Start of session at: Sat Apr 30 17:34:21 2022
# Process ID: 156380
# Current directory: /home/favary/Bureau/xilinx_tps/BE_Controleur_Ethernet_2022
# Command line: vivado
# Log file: /home/favary/Bureau/xilinx_tps/BE_Controleur_Ethernet_2022/vivado.log
# Journal file: /home/favary/Bureau/xilinx_tps/BE_Controleur_Ethernet_2022/vivado.jou
#-----------------------------------------------------------
start_gui
open_project /home/favary/Bureau/xilinx_tps/BE_Controleur_Ethernet_2022/Transmission/Transmission.xpr
Scanning sources...
Finished scanning sources
INFO: [IP_Flow 19-234] Refreshing IP repositories
INFO: [IP_Flow 19-1704] No user IP repositories specified
INFO: [IP_Flow 19-2313] Loaded Vivado IP repository '/usr/local/insa/Xilinx.VIVADO/Vivado/2018.2/data/ip'.
open_project: Time (s): cpu = 00:00:16 ; elapsed = 00:00:09 . Memory (MB): peak = 6318.102 ; gain = 108.566 ; free physical = 117401 ; free virtual = 144211
update_compile_order -fileset sources_1
launch_simulation
INFO: [Vivado 12-5682] Launching behavioral simulation in '/home/favary/Bureau/xilinx_tps/BE_Controleur_Ethernet_2022/Transmission/Transmission.sim/sim_1/behav/xsim'
INFO: [SIM-utils-51] Simulation object is 'sim_1'
INFO: [SIM-utils-54] Inspecting design source files for 'test_transmission_ethernet' in fileset 'sim_1'...
INFO: [USF-XSim-97] Finding global include files...
INFO: [USF-XSim-98] Fetching design files from 'sim_1'...
INFO: [USF-XSim-2] XSim::Compile design
INFO: [USF-XSim-61] Executing 'COMPILE and ANALYZE' step in '/home/favary/Bureau/xilinx_tps/BE_Controleur_Ethernet_2022/Transmission/Transmission.sim/sim_1/behav/xsim'
xvhdl --incr --relax -prj test_transmission_ethernet_vhdl.prj
INFO: [USF-XSim-69] 'compile' step finished in '2' seconds
INFO: [USF-XSim-3] XSim::Elaborate design
INFO: [USF-XSim-61] Executing 'ELABORATE' step in '/home/favary/Bureau/xilinx_tps/BE_Controleur_Ethernet_2022/Transmission/Transmission.sim/sim_1/behav/xsim'
Vivado Simulator 2018.2
Copyright 1986-1999, 2001-2018 Xilinx, Inc. All Rights Reserved.
Running: /usr/local/insa/Xilinx.VIVADO/Vivado/2018.2/bin/unwrapped/lnx64.o/xelab -wto 71c93a757db54a33a29ff74552ff7135 --incr --debug typical --relax --mt 8 -L xil_defaultlib -L secureip --snapshot test_transmission_ethernet_behav xil_defaultlib.test_transmission_ethernet -log elaborate.log 
Using 8 slave threads.
Starting static elaboration
Completed static elaboration
INFO: [XSIM 43-4323] No Change in HDL. Linking previously generated obj files to create kernel
INFO: [USF-XSim-69] 'elaborate' step finished in '1' seconds
INFO: [USF-XSim-4] XSim::Simulate design
INFO: [USF-XSim-61] Executing 'SIMULATE' step in '/home/favary/Bureau/xilinx_tps/BE_Controleur_Ethernet_2022/Transmission/Transmission.sim/sim_1/behav/xsim'
INFO: [USF-XSim-98] *** Running xsim
   with args "test_transmission_ethernet_behav -key {Behavioral:sim_1:Functional:test_transmission_ethernet} -tclbatch {test_transmission_ethernet.tcl} -log {simulate.log}"
INFO: [USF-XSim-8] Loading simulator feature
Vivado Simulator 2018.2
Time resolution is 1 ps
source test_transmission_ethernet.tcl
# set curr_wave [current_wave_config]
# if { [string length $curr_wave] == 0 } {
#   if { [llength [get_objects]] > 0} {
#     add_wave /
#     set_property needs_save false [current_wave_config]
#   } else {
#      send_msg_id Add_Wave-1 WARNING "No top level signals found. Simulator will start without a wave window. If you want to open a wave window go to 'File->New Waveform Configuration' or type 'create_wave_config' in the TCL console."
#   }
# }
# run 100000ns
INFO: [USF-XSim-96] XSim completed. Design snapshot 'test_transmission_ethernet_behav' loaded.
INFO: [USF-XSim-97] XSim simulation ran for 100000ns
launch_simulation: Time (s): cpu = 00:00:17 ; elapsed = 00:00:09 . Memory (MB): peak = 6402.738 ; gain = 68.621 ; free physical = 117373 ; free virtual = 144234
close_sim
INFO: [Simtcl 6-16] Simulation closed
launch_simulation
INFO: [Vivado 12-5682] Launching behavioral simulation in '/home/favary/Bureau/xilinx_tps/BE_Controleur_Ethernet_2022/Transmission/Transmission.sim/sim_1/behav/xsim'
INFO: [SIM-utils-51] Simulation object is 'sim_1'
INFO: [SIM-utils-54] Inspecting design source files for 'test_transmission_ethernet' in fileset 'sim_1'...
INFO: [USF-XSim-97] Finding global include files...
INFO: [USF-XSim-98] Fetching design files from 'sim_1'...
INFO: [USF-XSim-2] XSim::Compile design
INFO: [USF-XSim-61] Executing 'COMPILE and ANALYZE' step in '/home/favary/Bureau/xilinx_tps/BE_Controleur_Ethernet_2022/Transmission/Transmission.sim/sim_1/behav/xsim'
xvhdl --incr --relax -prj test_transmission_ethernet_vhdl.prj
INFO: [VRFC 10-163] Analyzing VHDL file "/home/favary/Bureau/xilinx_tps/BE_Controleur_Ethernet_2022/Transmission/Transmission.srcs/sources_1/new/ethernet_Controller_src.vhd" into library xil_defaultlib
INFO: [VRFC 10-307] analyzing entity ethernet_Controller_src
INFO: [USF-XSim-69] 'compile' step finished in '2' seconds
INFO: [USF-XSim-3] XSim::Elaborate design
INFO: [USF-XSim-61] Executing 'ELABORATE' step in '/home/favary/Bureau/xilinx_tps/BE_Controleur_Ethernet_2022/Transmission/Transmission.sim/sim_1/behav/xsim'
Vivado Simulator 2018.2
Copyright 1986-1999, 2001-2018 Xilinx, Inc. All Rights Reserved.
Running: /usr/local/insa/Xilinx.VIVADO/Vivado/2018.2/bin/unwrapped/lnx64.o/xelab -wto 71c93a757db54a33a29ff74552ff7135 --incr --debug typical --relax --mt 8 -L xil_defaultlib -L secureip --snapshot test_transmission_ethernet_behav xil_defaultlib.test_transmission_ethernet -log elaborate.log 
Using 8 slave threads.
Starting static elaboration
Completed static elaboration
Starting simulation data flow analysis
Completed simulation data flow analysis
Time Resolution for simulation is 1ps
Compiling package std.standard
Compiling package std.textio
Compiling package ieee.std_logic_1164
Compiling package ieee.std_logic_arith
Compiling package ieee.std_logic_unsigned
Compiling architecture behavioral of entity xil_defaultlib.ethernet_Controller_src [ethernet_controller_src_default]
Compiling architecture behavioral of entity xil_defaultlib.test_transmission_ethernet
Built simulation snapshot test_transmission_ethernet_behav
INFO: [USF-XSim-69] 'elaborate' step finished in '3' seconds
INFO: [USF-XSim-4] XSim::Simulate design
INFO: [USF-XSim-61] Executing 'SIMULATE' step in '/home/favary/Bureau/xilinx_tps/BE_Controleur_Ethernet_2022/Transmission/Transmission.sim/sim_1/behav/xsim'
INFO: [USF-XSim-98] *** Running xsim
   with args "test_transmission_ethernet_behav -key {Behavioral:sim_1:Functional:test_transmission_ethernet} -tclbatch {test_transmission_ethernet.tcl} -log {simulate.log}"
INFO: [USF-XSim-8] Loading simulator feature
Vivado Simulator 2018.2
Time resolution is 1 ps
source test_transmission_ethernet.tcl
# set curr_wave [current_wave_config]
# if { [string length $curr_wave] == 0 } {
#   if { [llength [get_objects]] > 0} {
#     add_wave /
#     set_property needs_save false [current_wave_config]
#   } else {
#      send_msg_id Add_Wave-1 WARNING "No top level signals found. Simulator will start without a wave window. If you want to open a wave window go to 'File->New Waveform Configuration' or type 'create_wave_config' in the TCL console."
#   }
# }
# run 100000ns
INFO: [USF-XSim-96] XSim completed. Design snapshot 'test_transmission_ethernet_behav' loaded.
INFO: [USF-XSim-97] XSim simulation ran for 100000ns
launch_simulation: Time (s): cpu = 00:00:16 ; elapsed = 00:00:09 . Memory (MB): peak = 6493.203 ; gain = 32.793 ; free physical = 117259 ; free virtual = 144170
close_sim
INFO: [Simtcl 6-16] Simulation closed
exit
INFO: [Common 17-206] Exiting Vivado at Sat Apr 30 17:42:22 2022...
