Vivado Simulator 2018.2
Copyright 1986-1999, 2001-2018 Xilinx, Inc. All Rights Reserved.
Running: /usr/local/insa/Xilinx.VIVADO/Vivado/2018.2/bin/unwrapped/lnx64.o/xelab -wto 71c93a757db54a33a29ff74552ff7135 --incr --debug typical --relax --mt 8 -L xil_defaultlib -L secureip --snapshot test_transmission_ethernet_func_impl xil_defaultlib.test_transmission_ethernet -log elaborate.log 
Using 8 slave threads.
Starting static elaboration
Completed static elaboration
Starting simulation data flow analysis
Completed simulation data flow analysis
Time Resolution for simulation is 1ps
Compiling package std.standard
Compiling package std.textio
Compiling package ieee.std_logic_1164
Compiling package ieee.numeric_std
Compiling package unisim.vcomponents
Compiling package ieee.vital_timing
Compiling package ieee.vital_primitives
Compiling package unisim.vpkg
Compiling architecture bufg_v of entity unisim.BUFG [bufg_default]
Compiling architecture ibuf_v of entity unisim.IBUF [\IBUF(1,9)(1,1)(1,4)(1,7)\]
Compiling architecture obuf_v of entity unisim.OBUF [\OBUF(1,9)(1,7)(1,4)\]
Compiling architecture lut5_v of entity unisim.LUT5 [\LUT5(init="11111111110111111111...]
Compiling architecture lut5_v of entity unisim.LUT5 [\LUT5(init="11111111111111111111...]
Compiling architecture lut4_v of entity unisim.LUT4 [\LUT4(init="1000000000000000")(0...]
Compiling architecture lut5_v of entity unisim.LUT5 [\LUT5(init="00000000000000000000...]
Compiling architecture lut4_v of entity unisim.LUT4 [\LUT4(init="0111111111111111")(0...]
Compiling architecture lut6_v of entity unisim.LUT6 [\LUT6(init="11111111111111111111...]
Compiling architecture fdre_v of entity unisim.FDRE [fdre_default]
Compiling architecture lut5_v of entity unisim.LUT5 [\LUT5(init="10111111111111111111...]
Compiling architecture lut6_v of entity unisim.LUT6 [\LUT6(init="11111111111111111111...]
Compiling architecture lut6_v of entity unisim.LUT6 [\LUT6(init="11110000010100111111...]
Compiling architecture lut5_v of entity unisim.LUT5 [\LUT5(init="10101010101010101010...]
Compiling architecture lut3_v of entity unisim.LUT3 [\LUT3(init="11011111")(0,7)\]
Compiling architecture lut6_v of entity unisim.LUT6 [\LUT6(init="11111111100001111000...]
Compiling architecture lut6_v of entity unisim.LUT6 [\LUT6(init="00000000001000000000...]
Compiling architecture lut6_v of entity unisim.LUT6 [\LUT6(init="11111110111011100000...]
Compiling architecture lut6_v of entity unisim.LUT6 [\LUT6(init="01000000000000000000...]
Compiling architecture lut6_v of entity unisim.LUT6 [\LUT6(init="00000000000000000000...]
Compiling architecture lut2_v of entity unisim.LUT2 [\LUT2(init="0111")(0,3)\]
Compiling architecture lut4_v of entity unisim.LUT4 [\LUT4(init="0000000010000000")(0...]
Compiling architecture lut6_v of entity unisim.LUT6 [\LUT6(init="00000000000000000000...]
Compiling architecture lut6_v of entity unisim.LUT6 [\LUT6(init="01000100010001000100...]
Compiling architecture lut6_v of entity unisim.LUT6 [\LUT6(init="00000000111111111111...]
Compiling architecture lut5_v of entity unisim.LUT5 [\LUT5(init="00000000000000000000...]
Compiling architecture lut6_v of entity unisim.LUT6 [\LUT6(init="00001111001101011111...]
Compiling architecture lut6_v of entity unisim.LUT6 [\LUT6(init="11111111111111111111...]
Compiling architecture lut4_v of entity unisim.LUT4 [\LUT4(init="0000000000000001")(0...]
Compiling architecture lut4_v of entity unisim.LUT4 [\LUT4(init="1110111111101010")(0...]
Compiling architecture lut5_v of entity unisim.LUT5 [\LUT5(init="00001010000000000000...]
Compiling architecture lut6_v of entity unisim.LUT6 [\LUT6(init="01110111011101111111...]
Compiling architecture lut6_v of entity unisim.LUT6 [\LUT6(init="01111111000000000000...]
Compiling architecture lut2_v of entity unisim.LUT2 [\LUT2(init="1110")(0,3)\]
Compiling architecture lut3_v of entity unisim.LUT3 [\LUT3(init="10000000")(0,7)\]
Compiling architecture lut6_v of entity unisim.LUT6 [\LUT6(init="00000000000000001110...]
Compiling architecture lut5_v of entity unisim.LUT5 [\LUT5(init="10001010000000100000...]
Compiling architecture lut4_v of entity unisim.LUT4 [\LUT4(init="1110111011101111")(0...]
Compiling architecture lut4_v of entity unisim.LUT4 [\LUT4(init="1111111111110111")(0...]
Compiling architecture lut6_v of entity unisim.LUT6 [\LUT6(init="10000000000000000000...]
Compiling architecture lut6_v of entity unisim.LUT6 [\LUT6(init="11100000000000000000...]
Compiling architecture lut5_v of entity unisim.LUT5 [\LUT5(init="10000000000000000000...]
Compiling architecture lut3_v of entity unisim.LUT3 [\LUT3(init="11100000")(0,7)\]
Compiling architecture lut5_v of entity unisim.LUT5 [\LUT5(init="00000110011001101010...]
Compiling architecture lut6_v of entity unisim.LUT6 [\LUT6(init="00000000011010100110...]
Compiling architecture lut6_v of entity unisim.LUT6 [\LUT6(init="10000000000000000000...]
Compiling architecture lut1_v of entity unisim.LUT1 [\LUT1(init="0001")(0,3)\]
Compiling architecture lut3_v of entity unisim.LUT3 [\LUT3(init="10001111")(0,7)\]
Compiling architecture lut6_v of entity unisim.LUT6 [\LUT6(init="01111111111111111111...]
Compiling architecture lut2_v of entity unisim.LUT2 [\LUT2(init="0110")(0,3)\]
Compiling architecture lut3_v of entity unisim.LUT3 [\LUT3(init="01111000")(0,7)\]
Compiling architecture lut4_v of entity unisim.LUT4 [\LUT4(init="0111111110000000")(0...]
Compiling architecture lut5_v of entity unisim.LUT5 [\LUT5(init="01111111111111111000...]
Compiling architecture lut6_v of entity unisim.LUT6 [\LUT6(init="11110100000000001111...]
Compiling architecture lut4_v of entity unisim.LUT4 [\LUT4(init="0000000001110000")(0...]
Compiling architecture lut5_v of entity unisim.LUT5 [\LUT5(init="00000000011100000111...]
Compiling architecture lut6_v of entity unisim.LUT6 [\LUT6(init="00000000011100000111...]
Compiling architecture lut3_v of entity unisim.LUT3 [\LUT3(init="01100000")(0,7)\]
Compiling architecture lut4_v of entity unisim.LUT4 [\LUT4(init="0110101000000000")(0...]
Compiling architecture lut5_v of entity unisim.LUT5 [\LUT5(init="01101010101010100000...]
Compiling architecture lut6_v of entity unisim.LUT6 [\LUT6(init="11110000111100101010...]
Compiling architecture lut6_v of entity unisim.LUT6 [\LUT6(init="00000000000000000000...]
Compiling architecture lut6_v of entity unisim.LUT6 [\LUT6(init="10101010101010101010...]
Compiling architecture lut6_v of entity unisim.LUT6 [\LUT6(init="00000000001000000000...]
Compiling architecture lut5_v of entity unisim.LUT5 [\LUT5(init="00001000000000000000...]
Compiling architecture lut6_v of entity unisim.LUT6 [\LUT6(init="00000000000000000000...]
Compiling architecture ldpe_v of entity unisim.LDPE [ldpe_default]
Compiling architecture lut2_v of entity unisim.LUT2 [\LUT2(init="0001")(0,3)\]
Compiling architecture lut2_v of entity unisim.LUT2 [\LUT2(init="1000")(0,3)\]
Compiling architecture lut6_v of entity unisim.LUT6 [\LUT6(init="10111010101110001010...]
Compiling architecture lut6_v of entity unisim.LUT6 [\LUT6(init="11111111111101001111...]
Compiling architecture lut6_v of entity unisim.LUT6 [\LUT6(init="11111111111111110001...]
Compiling architecture lut6_v of entity unisim.LUT6 [\LUT6(init="00000000000000000000...]
Compiling architecture lut3_v of entity unisim.LUT3 [\LUT3(init="11111110")(0,7)\]
Compiling architecture lut3_v of entity unisim.LUT3 [\LUT3(init="00000001")(0,7)\]
Compiling architecture lut6_v of entity unisim.LUT6 [\LUT6(init="00000000000000000000...]
Compiling architecture lut6_v of entity unisim.LUT6 [\LUT6(init="00000000000000000000...]
Compiling architecture lut4_v of entity unisim.LUT4 [\LUT4(init="0111011101111111")(0...]
Compiling architecture structure of entity xil_defaultlib.ethernet_Controller_src [ethernet_controller_src_default]
Compiling architecture behavioral of entity xil_defaultlib.test_transmission_ethernet
Built simulation snapshot test_transmission_ethernet_func_impl
