INFO: [VRFC 10-163] Analyzing VHDL file "/home/qdouarre/controller_fpga/controller_fpga.srcs/sources_1/new/ethernet_Controller_src.vhd" into library xil_defaultlib
INFO: [VRFC 10-307] analyzing entity ethernet_Controller_src
INFO: [VRFC 10-163] Analyzing VHDL file "/home/qdouarre/controller_fpga/controller_fpga.srcs/sim_1/new/test_reception_ethernet.vhd" into library xil_defaultlib
INFO: [VRFC 10-307] analyzing entity test_reception_ethernet
INFO: [VRFC 10-163] Analyzing VHDL file "/home/qdouarre/controller_fpga/controller_fpga.srcs/sim_1/new/test_reception_ethernet.vhd" into library xil_defaultlib
INFO: [VRFC 10-307] analyzing entity test_reception_ethernet
INFO: [VRFC 10-163] Analyzing VHDL file "/home/qdouarre/controller_fpga/controller_fpga.srcs/sources_1/new/ethernet_Controller_src.vhd" into library xil_defaultlib
INFO: [VRFC 10-307] analyzing entity ethernet_Controller_src
INFO: [VRFC 10-163] Analyzing VHDL file "/home/qdouarre/controller_fpga/controller_fpga.srcs/sources_1/new/ethernet_Controller_src.vhd" into library xil_defaultlib
INFO: [VRFC 10-307] analyzing entity ethernet_Controller_src
INFO: [VRFC 10-163] Analyzing VHDL file "/home/qdouarre/controller_fpga/controller_fpga.srcs/sources_1/new/ethernet_Controller_src.vhd" into library xil_defaultlib
INFO: [VRFC 10-307] analyzing entity ethernet_Controller_src
INFO: [VRFC 10-163] Analyzing VHDL file "/home/qdouarre/controller_fpga/controller_fpga.srcs/sources_1/new/ethernet_Controller_src.vhd" into library xil_defaultlib
INFO: [VRFC 10-307] analyzing entity ethernet_Controller_src
INFO: [VRFC 10-163] Analyzing VHDL file "/home/qdouarre/controller_fpga/controller_fpga.srcs/sources_1/new/ethernet_Controller_src.vhd" into library xil_defaultlib
INFO: [VRFC 10-307] analyzing entity ethernet_Controller_src
INFO: [VRFC 10-163] Analyzing VHDL file "/home/qdouarre/controller_fpga/controller_fpga.srcs/sources_1/new/ethernet_Controller_src.vhd" into library xil_defaultlib
INFO: [VRFC 10-307] analyzing entity ethernet_Controller_src
INFO: [VRFC 10-163] Analyzing VHDL file "/home/qdouarre/controller_fpga/controller_fpga.srcs/sources_1/new/ethernet_Controller_src.vhd" into library xil_defaultlib
INFO: [VRFC 10-307] analyzing entity ethernet_Controller_src
INFO: [VRFC 10-163] Analyzing VHDL file "/home/qdouarre/controller_fpga/controller_fpga.srcs/sources_1/new/ethernet_Controller_src.vhd" into library xil_defaultlib
INFO: [VRFC 10-307] analyzing entity ethernet_Controller_src
INFO: [VRFC 10-163] Analyzing VHDL file "/home/qdouarre/controller_fpga/controller_fpga.srcs/sources_1/new/ethernet_Controller_src.vhd" into library xil_defaultlib
INFO: [VRFC 10-307] analyzing entity ethernet_Controller_src
INFO: [VRFC 10-163] Analyzing VHDL file "/home/qdouarre/controller_fpga/controller_fpga.srcs/sources_1/new/ethernet_Controller_src.vhd" into library xil_defaultlib
INFO: [VRFC 10-307] analyzing entity ethernet_Controller_src
INFO: [VRFC 10-163] Analyzing VHDL file "/home/qdouarre/controller_fpga/controller_fpga.srcs/sources_1/new/ethernet_Controller_src.vhd" into library xil_defaultlib
INFO: [VRFC 10-307] analyzing entity ethernet_Controller_src
INFO: [VRFC 10-163] Analyzing VHDL file "/home/qdouarre/controller_fpga/controller_fpga.srcs/sources_1/new/ethernet_Controller_src.vhd" into library xil_defaultlib
INFO: [VRFC 10-307] analyzing entity ethernet_Controller_src
INFO: [VRFC 10-163] Analyzing VHDL file "/home/qdouarre/controller_fpga/controller_fpga.srcs/sources_1/new/ethernet_Controller_src.vhd" into library xil_defaultlib
INFO: [VRFC 10-307] analyzing entity ethernet_Controller_src
INFO: [VRFC 10-163] Analyzing VHDL file "/home/qdouarre/controller_fpga/controller_fpga.srcs/sources_1/new/ethernet_Controller_src.vhd" into library xil_defaultlib
INFO: [VRFC 10-307] analyzing entity ethernet_Controller_src
INFO: [VRFC 10-163] Analyzing VHDL file "/home/qdouarre/controller_fpga/controller_fpga.srcs/sources_1/new/ethernet_Controller_src.vhd" into library xil_defaultlib
INFO: [VRFC 10-307] analyzing entity ethernet_Controller_src
INFO: [VRFC 10-163] Analyzing VHDL file "/home/qdouarre/controller_fpga/controller_fpga.srcs/sources_1/new/ethernet_Controller_src.vhd" into library xil_defaultlib
INFO: [VRFC 10-307] analyzing entity ethernet_Controller_src
INFO: [VRFC 10-163] Analyzing VHDL file "/home/qdouarre/controller_fpga/controller_fpga.srcs/sources_1/new/ethernet_Controller_src.vhd" into library xil_defaultlib
INFO: [VRFC 10-307] analyzing entity ethernet_Controller_src
INFO: [VRFC 10-163] Analyzing VHDL file "/home/qdouarre/controller_fpga/controller_fpga.srcs/sim_1/new/test_reception_ethernet.vhd" into library xil_defaultlib
INFO: [VRFC 10-307] analyzing entity test_reception_ethernet
INFO: [VRFC 10-163] Analyzing VHDL file "/home/qdouarre/controller_fpga/controller_fpga.srcs/sources_1/new/ethernet_Controller_src.vhd" into library xil_defaultlib
INFO: [VRFC 10-307] analyzing entity ethernet_Controller_src
INFO: [VRFC 10-163] Analyzing VHDL file "/home/qdouarre/controller_fpga/controller_fpga.srcs/sim_1/new/test_reception_ethernet.vhd" into library xil_defaultlib
INFO: [VRFC 10-307] analyzing entity test_reception_ethernet
INFO: [VRFC 10-163] Analyzing VHDL file "/home/qdouarre/controller_fpga/controller_fpga.srcs/sources_1/new/ethernet_Controller_src.vhd" into library xil_defaultlib
INFO: [VRFC 10-307] analyzing entity ethernet_Controller_src
INFO: [VRFC 10-163] Analyzing VHDL file "/home/qdouarre/controller_fpga/controller_fpga.srcs/sim_1/new/test_reception_ethernet.vhd" into library xil_defaultlib
INFO: [VRFC 10-307] analyzing entity test_reception_ethernet
INFO: [VRFC 10-163] Analyzing VHDL file "/home/qdouarre/controller_fpga/controller_fpga.srcs/sources_1/new/ethernet_Controller_src.vhd" into library xil_defaultlib
INFO: [VRFC 10-307] analyzing entity ethernet_Controller_src
INFO: [VRFC 10-163] Analyzing VHDL file "/home/qdouarre/controller_fpga/controller_fpga.srcs/sources_1/new/ethernet_Controller_src.vhd" into library xil_defaultlib
INFO: [VRFC 10-307] analyzing entity ethernet_Controller_src
INFO: [VRFC 10-163] Analyzing VHDL file "/home/qdouarre/controller_fpga/controller_fpga.srcs/sim_1/new/test_reception_ethernet.vhd" into library xil_defaultlib
INFO: [VRFC 10-307] analyzing entity test_reception_ethernet
ERROR: [VRFC 10-1412] syntax error near x"AB" [/home/qdouarre/controller_fpga/controller_fpga.srcs/sim_1/new/test_reception_ethernet.vhd:81]
ERROR: [VRFC 10-1504] unit behavioral ignored due to previous errors [/home/qdouarre/controller_fpga/controller_fpga.srcs/sim_1/new/test_reception_ethernet.vhd:37]
INFO: [VRFC 10-240] VHDL file /home/qdouarre/controller_fpga/controller_fpga.srcs/sim_1/new/test_reception_ethernet.vhd ignored due to errors
INFO: [VRFC 10-163] Analyzing VHDL file "/home/qdouarre/controller_fpga/controller_fpga.srcs/sources_1/new/ethernet_Controller_src.vhd" into library xil_defaultlib
INFO: [VRFC 10-307] analyzing entity ethernet_Controller_src
INFO: [VRFC 10-163] Analyzing VHDL file "/home/qdouarre/controller_fpga/controller_fpga.srcs/sim_1/new/test_reception_ethernet.vhd" into library xil_defaultlib
INFO: [VRFC 10-307] analyzing entity test_reception_ethernet
INFO: [VRFC 10-163] Analyzing VHDL file "/home/qdouarre/controller_fpga/controller_fpga.srcs/sources_1/new/ethernet_Controller_src.vhd" into library xil_defaultlib
INFO: [VRFC 10-307] analyzing entity ethernet_Controller_src
INFO: [VRFC 10-163] Analyzing VHDL file "/home/qdouarre/controller_fpga/controller_fpga.srcs/sources_1/new/ethernet_Controller_src.vhd" into library xil_defaultlib
INFO: [VRFC 10-307] analyzing entity ethernet_Controller_src
INFO: [VRFC 10-163] Analyzing VHDL file "/home/qdouarre/controller_fpga/controller_fpga.srcs/sources_1/new/ethernet_Controller_src.vhd" into library xil_defaultlib
INFO: [VRFC 10-307] analyzing entity ethernet_Controller_src
INFO: [VRFC 10-163] Analyzing VHDL file "/home/qdouarre/controller_fpga/controller_fpga.srcs/sources_1/new/ethernet_Controller_src.vhd" into library xil_defaultlib
INFO: [VRFC 10-307] analyzing entity ethernet_Controller_src
INFO: [VRFC 10-163] Analyzing VHDL file "/home/qdouarre/controller_fpga/controller_fpga.srcs/sources_1/new/ethernet_Controller_src.vhd" into library xil_defaultlib
INFO: [VRFC 10-307] analyzing entity ethernet_Controller_src
INFO: [VRFC 10-163] Analyzing VHDL file "/home/qdouarre/controller_fpga/controller_fpga.srcs/sim_1/new/test_reception_ethernet.vhd" into library xil_defaultlib
INFO: [VRFC 10-307] analyzing entity test_reception_ethernet
INFO: [VRFC 10-163] Analyzing VHDL file "/home/qdouarre/controller_fpga/controller_fpga.srcs/sources_1/new/ethernet_Controller_src.vhd" into library xil_defaultlib
INFO: [VRFC 10-307] analyzing entity ethernet_Controller_src
INFO: [VRFC 10-163] Analyzing VHDL file "/home/qdouarre/controller_fpga/controller_fpga.srcs/sources_1/new/ethernet_Controller_src.vhd" into library xil_defaultlib
INFO: [VRFC 10-307] analyzing entity ethernet_Controller_src
ERROR: [VRFC 10-91] trnsmtp is not declared [/home/qdouarre/controller_fpga/controller_fpga.srcs/sources_1/new/ethernet_Controller_src.vhd:178]
ERROR: [VRFC 10-91] tdonep is not declared [/home/qdouarre/controller_fpga/controller_fpga.srcs/sources_1/new/ethernet_Controller_src.vhd:183]
ERROR: [VRFC 10-91] tstartp is not declared [/home/qdouarre/controller_fpga/controller_fpga.srcs/sources_1/new/ethernet_Controller_src.vhd:184]
ERROR: [VRFC 10-91] treaddp is not declared [/home/qdouarre/controller_fpga/controller_fpga.srcs/sources_1/new/ethernet_Controller_src.vhd:185]
ERROR: [VRFC 10-91] tstartp is not declared [/home/qdouarre/controller_fpga/controller_fpga.srcs/sources_1/new/ethernet_Controller_src.vhd:188]
ERROR: [VRFC 10-91] inttrsmtp is not declared [/home/qdouarre/controller_fpga/controller_fpga.srcs/sources_1/new/ethernet_Controller_src.vhd:189]
ERROR: [VRFC 10-1504] unit behavioral ignored due to previous errors [/home/qdouarre/controller_fpga/controller_fpga.srcs/sources_1/new/ethernet_Controller_src.vhd:66]
INFO: [VRFC 10-240] VHDL file /home/qdouarre/controller_fpga/controller_fpga.srcs/sources_1/new/ethernet_Controller_src.vhd ignored due to errors
INFO: [VRFC 10-163] Analyzing VHDL file "/home/qdouarre/controller_fpga/controller_fpga.srcs/sources_1/new/ethernet_Controller_src.vhd" into library xil_defaultlib
INFO: [VRFC 10-307] analyzing entity ethernet_Controller_src
INFO: [VRFC 10-163] Analyzing VHDL file "/home/qdouarre/controller_fpga/controller_fpga.srcs/sources_1/new/ethernet_Controller_src.vhd" into library xil_defaultlib
INFO: [VRFC 10-307] analyzing entity ethernet_Controller_src
INFO: [VRFC 10-163] Analyzing VHDL file "/home/qdouarre/controller_fpga/controller_fpga.srcs/sources_1/new/ethernet_Controller_src.vhd" into library xil_defaultlib
INFO: [VRFC 10-307] analyzing entity ethernet_Controller_src
INFO: [VRFC 10-163] Analyzing VHDL file "/home/qdouarre/controller_fpga/controller_fpga.srcs/sources_1/new/ethernet_Controller_src.vhd" into library xil_defaultlib
INFO: [VRFC 10-307] analyzing entity ethernet_Controller_src
INFO: [VRFC 10-163] Analyzing VHDL file "/home/qdouarre/controller_fpga/controller_fpga.srcs/sources_1/new/ethernet_Controller_src.vhd" into library xil_defaultlib
INFO: [VRFC 10-307] analyzing entity ethernet_Controller_src
INFO: [VRFC 10-163] Analyzing VHDL file "/home/qdouarre/controller_fpga/controller_fpga.srcs/sources_1/new/ethernet_Controller_src.vhd" into library xil_defaultlib
INFO: [VRFC 10-307] analyzing entity ethernet_Controller_src
INFO: [VRFC 10-163] Analyzing VHDL file "/home/qdouarre/controller_fpga/controller_fpga.srcs/sources_1/new/ethernet_Controller_src.vhd" into library xil_defaultlib
INFO: [VRFC 10-307] analyzing entity ethernet_Controller_src
INFO: [VRFC 10-163] Analyzing VHDL file "/home/qdouarre/controller_fpga/controller_fpga.srcs/sources_1/new/ethernet_Controller_src.vhd" into library xil_defaultlib
INFO: [VRFC 10-307] analyzing entity ethernet_Controller_src
INFO: [VRFC 10-163] Analyzing VHDL file "/home/qdouarre/controller_fpga/controller_fpga.srcs/sources_1/new/ethernet_Controller_src.vhd" into library xil_defaultlib
INFO: [VRFC 10-307] analyzing entity ethernet_Controller_src
INFO: [VRFC 10-163] Analyzing VHDL file "/home/qdouarre/controller_fpga/controller_fpga.srcs/sources_1/new/ethernet_Controller_src.vhd" into library xil_defaultlib
INFO: [VRFC 10-307] analyzing entity ethernet_Controller_src
INFO: [VRFC 10-163] Analyzing VHDL file "/home/qdouarre/controller_fpga/controller_fpga.srcs/sources_1/new/ethernet_Controller_src.vhd" into library xil_defaultlib
INFO: [VRFC 10-307] analyzing entity ethernet_Controller_src
INFO: [VRFC 10-163] Analyzing VHDL file "/home/qdouarre/controller_fpga/controller_fpga.srcs/sources_1/new/ethernet_Controller_src.vhd" into library xil_defaultlib
INFO: [VRFC 10-307] analyzing entity ethernet_Controller_src
INFO: [VRFC 10-163] Analyzing VHDL file "/home/qdouarre/controller_fpga/controller_fpga.srcs/sources_1/new/ethernet_Controller_src.vhd" into library xil_defaultlib
INFO: [VRFC 10-307] analyzing entity ethernet_Controller_src
INFO: [VRFC 10-163] Analyzing VHDL file "/home/qdouarre/controller_fpga/controller_fpga.srcs/sources_1/new/ethernet_Controller_src.vhd" into library xil_defaultlib
INFO: [VRFC 10-307] analyzing entity ethernet_Controller_src
INFO: [VRFC 10-163] Analyzing VHDL file "/home/qdouarre/controller_fpga/controller_fpga.srcs/sources_1/new/ethernet_Controller_src.vhd" into library xil_defaultlib
INFO: [VRFC 10-307] analyzing entity ethernet_Controller_src
INFO: [VRFC 10-163] Analyzing VHDL file "/home/qdouarre/controller_fpga/controller_fpga.srcs/sources_1/new/ethernet_Controller_src.vhd" into library xil_defaultlib
INFO: [VRFC 10-307] analyzing entity ethernet_Controller_src
INFO: [VRFC 10-163] Analyzing VHDL file "/home/qdouarre/controller_fpga/controller_fpga.srcs/sources_1/new/ethernet_Controller_src.vhd" into library xil_defaultlib
INFO: [VRFC 10-307] analyzing entity ethernet_Controller_src
INFO: [VRFC 10-163] Analyzing VHDL file "/home/qdouarre/controller_fpga/controller_fpga.srcs/sources_1/new/ethernet_Controller_src.vhd" into library xil_defaultlib
INFO: [VRFC 10-307] analyzing entity ethernet_Controller_src
INFO: [VRFC 10-163] Analyzing VHDL file "/home/qdouarre/controller_fpga/controller_fpga.srcs/sources_1/new/ethernet_Controller_src.vhd" into library xil_defaultlib
INFO: [VRFC 10-307] analyzing entity ethernet_Controller_src
INFO: [VRFC 10-163] Analyzing VHDL file "/home/qdouarre/controller_fpga/controller_fpga.srcs/sources_1/new/ethernet_Controller_src.vhd" into library xil_defaultlib
INFO: [VRFC 10-307] analyzing entity ethernet_Controller_src
INFO: [VRFC 10-163] Analyzing VHDL file "/home/qdouarre/controller_fpga/controller_fpga.srcs/sources_1/new/ethernet_Controller_src.vhd" into library xil_defaultlib
INFO: [VRFC 10-307] analyzing entity ethernet_Controller_src
INFO: [VRFC 10-163] Analyzing VHDL file "/home/qdouarre/controller_fpga/controller_fpga.srcs/sources_1/new/ethernet_Controller_src.vhd" into library xil_defaultlib
INFO: [VRFC 10-307] analyzing entity ethernet_Controller_src
INFO: [VRFC 10-163] Analyzing VHDL file "/home/qdouarre/controller_fpga/controller_fpga.srcs/sources_1/new/ethernet_Controller_src.vhd" into library xil_defaultlib
INFO: [VRFC 10-307] analyzing entity ethernet_Controller_src
INFO: [VRFC 10-163] Analyzing VHDL file "/home/qdouarre/controller_fpga/controller_fpga.srcs/sources_1/new/ethernet_Controller_src.vhd" into library xil_defaultlib
INFO: [VRFC 10-307] analyzing entity ethernet_Controller_src
INFO: [VRFC 10-163] Analyzing VHDL file "/home/qdouarre/controller_fpga/controller_fpga.srcs/sim_1/new/test_reception_ethernet.vhd" into library xil_defaultlib
INFO: [VRFC 10-307] analyzing entity test_reception_ethernet
INFO: [VRFC 10-163] Analyzing VHDL file "/home/qdouarre/controller_fpga/controller_fpga.srcs/sources_1/new/ethernet_Controller_src.vhd" into library xil_defaultlib
INFO: [VRFC 10-307] analyzing entity ethernet_Controller_src
INFO: [VRFC 10-163] Analyzing VHDL file "/home/qdouarre/controller_fpga/controller_fpga.srcs/sim_1/new/test_reception_ethernet.vhd" into library xil_defaultlib
INFO: [VRFC 10-307] analyzing entity test_reception_ethernet
INFO: [VRFC 10-163] Analyzing VHDL file "/home/qdouarre/controller_fpga/controller_fpga.srcs/sources_1/new/ethernet_Controller_src.vhd" into library xil_defaultlib
INFO: [VRFC 10-307] analyzing entity ethernet_Controller_src
INFO: [VRFC 10-163] Analyzing VHDL file "/home/favary/Bureau/xilinx_tps/BE_Controleur_Ethernet_2022/controller_fpga/controller_fpga.srcs/sources_1/new/ethernet_Controller_src.vhd" into library xil_defaultlib
INFO: [VRFC 10-307] analyzing entity ethernet_Controller_src
INFO: [VRFC 10-163] Analyzing VHDL file "/home/favary/Bureau/xilinx_tps/BE_Controleur_Ethernet_2022/controller_fpga/controller_fpga.srcs/sim_1/new/test_reception_ethernet.vhd" into library xil_defaultlib
INFO: [VRFC 10-307] analyzing entity test_reception_ethernet
INFO: [VRFC 10-163] Analyzing VHDL file "/home/favary/Bureau/xilinx_tps/BE_Controleur_Ethernet_2022/controller_fpga/controller_fpga.srcs/sim_1/new/test_transmission_ethernet.vhd" into library xil_defaultlib
INFO: [VRFC 10-307] analyzing entity test_transmission_ethernet
INFO: [VRFC 10-163] Analyzing VHDL file "/home/qdouarre/Documents/4A/BE_ethernet/BE_controleur_ethernet/controller_fpga/controller_fpga.srcs/sources_1/new/ethernet_Controller_src.vhd" into library xil_defaultlib
INFO: [VRFC 10-307] analyzing entity ethernet_Controller_src
INFO: [VRFC 10-163] Analyzing VHDL file "/home/qdouarre/Documents/4A/BE_ethernet/BE_controleur_ethernet/controller_fpga/controller_fpga.srcs/sim_1/new/test_transmission_ethernet.vhd" into library xil_defaultlib
INFO: [VRFC 10-307] analyzing entity test_transmission_ethernet
INFO: [VRFC 10-163] Analyzing VHDL file "/home/qdouarre/Documents/4A/BE_ethernet/BE_controleur_ethernet/controller_fpga/controller_fpga.srcs/sources_1/new/ethernet_Controller_src.vhd" into library xil_defaultlib
INFO: [VRFC 10-307] analyzing entity ethernet_Controller_src
INFO: [VRFC 10-163] Analyzing VHDL file "/home/qdouarre/Documents/4A/BE_ethernet/BE_controleur_ethernet/controller_fpga/controller_fpga.srcs/sim_1/new/test_reception_ethernet.vhd" into library xil_defaultlib
INFO: [VRFC 10-307] analyzing entity test_reception_ethernet
INFO: [VRFC 10-163] Analyzing VHDL file "/home/qdouarre/Documents/4A/BE_ethernet/BE_controleur_ethernet/controller_fpga/controller_fpga.srcs/sources_1/new/ethernet_Controller_src.vhd" into library xil_defaultlib
INFO: [VRFC 10-307] analyzing entity ethernet_Controller_src
INFO: [VRFC 10-163] Analyzing VHDL file "/home/qdouarre/Documents/4A/BE_ethernet/BE_controleur_ethernet/controller_fpga/controller_fpga.srcs/sim_1/new/test_reception_ethernet.vhd" into library xil_defaultlib
INFO: [VRFC 10-307] analyzing entity test_reception_ethernet
